
===========================================================================
 report_power
============================================================================
======================= Fastest Corner ===================================

Group                  Internal  Switching    Leakage      Total
                          Power      Power      Power      Power (Watts)
----------------------------------------------------------------
Sequential             2.62e-05   1.01e-06   7.26e-11   2.72e-05  18.6%
Combinational          7.71e-05   4.19e-05   1.28e-09   1.19e-04  81.4%
Macro                  0.00e+00   0.00e+00   0.00e+00   0.00e+00   0.0%
Pad                    0.00e+00   0.00e+00   0.00e+00   0.00e+00   0.0%
----------------------------------------------------------------
Total                  1.03e-04   4.29e-05   1.35e-09   1.46e-04 100.0%
                          70.7%      29.3%       0.0%

======================= Slowest Corner ===================================

Group                  Internal  Switching    Leakage      Total
                          Power      Power      Power      Power (Watts)
----------------------------------------------------------------
Sequential             1.78e-05   6.75e-07   7.33e-08   1.85e-05  18.2%
Combinational          5.55e-05   2.77e-05   4.12e-07   8.36e-05  81.8%
Macro                  0.00e+00   0.00e+00   0.00e+00   0.00e+00   0.0%
Pad                    0.00e+00   0.00e+00   0.00e+00   0.00e+00   0.0%
----------------------------------------------------------------
Total                  7.33e-05   2.84e-05   4.85e-07   1.02e-04 100.0%
                          71.7%      27.8%       0.5%

======================= Typical Corner ===================================

Group                  Internal  Switching    Leakage      Total
                          Power      Power      Power      Power (Watts)
----------------------------------------------------------------
Sequential             2.26e-05   8.55e-07   4.22e-11   2.35e-05  18.5%
Combinational          6.80e-05   3.54e-05   8.66e-10   1.03e-04  81.5%
Macro                  0.00e+00   0.00e+00   0.00e+00   0.00e+00   0.0%
Pad                    0.00e+00   0.00e+00   0.00e+00   0.00e+00   0.0%
----------------------------------------------------------------
Total                  9.07e-05   3.63e-05   9.08e-10   1.27e-04 100.0%
                          71.4%      28.6%       0.0%

