
===========================================================================
report_checks -path_delay max (Setup)
============================================================================
======================= Typical Corner ===================================

Startpoint: sel[0] (input port clocked by clk)
Endpoint: _126_ (rising edge-triggered flip-flop clocked by clk)
Path Group: clk
Path Type: max

Fanout     Cap    Slew   Delay    Time   Description
-----------------------------------------------------------------------------
                  0.15    0.00    0.00   clock clk (rise edge)
                          0.00    0.00   clock network delay (ideal)
                          2.00    2.00 ^ input external delay
                  0.06    0.04    2.04 ^ sel[0] (in)
     6    0.01                           sel[0] (net)
                  0.06    0.00    2.04 ^ _074_/C_N (sky130_fd_sc_hd__or3b_2)
                  0.12    0.53    2.57 v _074_/X (sky130_fd_sc_hd__or3b_2)
     5    0.01                           _017_ (net)
                  0.12    0.00    2.57 v _076_/C (sky130_fd_sc_hd__and3_2)
                  0.05    0.26    2.83 v _076_/X (sky130_fd_sc_hd__and3_2)
     2    0.01                           _019_ (net)
                  0.05    0.00    2.83 v _078_/C (sky130_fd_sc_hd__or3_2)
                  0.11    0.47    3.30 v _078_/X (sky130_fd_sc_hd__or3_2)
     3    0.01                           _021_ (net)
                  0.11    0.00    3.30 v _093_/A1 (sky130_fd_sc_hd__a21boi_2)
                  0.24    0.27    3.57 ^ _093_/Y (sky130_fd_sc_hd__a21boi_2)
     3    0.02                           _035_ (net)
                  0.24    0.00    3.57 ^ _116_/A2 (sky130_fd_sc_hd__o211ai_2)
                  0.08    0.11    3.68 v _116_/Y (sky130_fd_sc_hd__o211ai_2)
     2    0.00                           _056_ (net)
                  0.08    0.00    3.68 v _117_/C1 (sky130_fd_sc_hd__o211a_2)
                  0.04    0.13    3.81 v _117_/X (sky130_fd_sc_hd__o211a_2)
     1    0.00                           _057_ (net)
                  0.04    0.00    3.81 v _119_/C (sky130_fd_sc_hd__or4b_2)
                  0.11    0.64    4.45 v _119_/X (sky130_fd_sc_hd__or4b_2)
     1    0.00                           _059_ (net)
                  0.11    0.00    4.45 v _121_/A1 (sky130_fd_sc_hd__a21oi_2)
                  0.07    0.13    4.58 ^ _121_/Y (sky130_fd_sc_hd__a21oi_2)
     1    0.00                           _004_ (net)
                  0.07    0.00    4.58 ^ _126_/D (sky130_fd_sc_hd__dfxtp_2)
                                  4.58   data arrival time

                  0.15   10.00   10.00   clock clk (rise edge)
                          0.00   10.00   clock network delay (ideal)
                         -0.25    9.75   clock uncertainty
                          0.00    9.75   clock reconvergence pessimism
                                  9.75 ^ _126_/CLK (sky130_fd_sc_hd__dfxtp_2)
                         -0.05    9.70   library setup time
                                  9.70   data required time
-----------------------------------------------------------------------------
                                  9.70   data required time
                                 -4.58   data arrival time
-----------------------------------------------------------------------------
                                  5.12   slack (MET)


Startpoint: sel[0] (input port clocked by clk)
Endpoint: _125_ (rising edge-triggered flip-flop clocked by clk)
Path Group: clk
Path Type: max

Fanout     Cap    Slew   Delay    Time   Description
-----------------------------------------------------------------------------
                  0.15    0.00    0.00   clock clk (rise edge)
                          0.00    0.00   clock network delay (ideal)
                          2.00    2.00 ^ input external delay
                  0.06    0.04    2.04 ^ sel[0] (in)
     6    0.01                           sel[0] (net)
                  0.06    0.00    2.04 ^ _074_/C_N (sky130_fd_sc_hd__or3b_2)
                  0.12    0.53    2.57 v _074_/X (sky130_fd_sc_hd__or3b_2)
     5    0.01                           _017_ (net)
                  0.12    0.00    2.57 v _076_/C (sky130_fd_sc_hd__and3_2)
                  0.05    0.26    2.83 v _076_/X (sky130_fd_sc_hd__and3_2)
     2    0.01                           _019_ (net)
                  0.05    0.00    2.83 v _078_/C (sky130_fd_sc_hd__or3_2)
                  0.11    0.47    3.30 v _078_/X (sky130_fd_sc_hd__or3_2)
     3    0.01                           _021_ (net)
                  0.11    0.00    3.30 v _093_/A1 (sky130_fd_sc_hd__a21boi_2)
                  0.24    0.27    3.57 ^ _093_/Y (sky130_fd_sc_hd__a21boi_2)
     3    0.02                           _035_ (net)
                  0.24    0.00    3.57 ^ _108_/A2 (sky130_fd_sc_hd__o21ai_2)
                  0.07    0.10    3.67 v _108_/Y (sky130_fd_sc_hd__o21ai_2)
     1    0.01                           _049_ (net)
                  0.07    0.00    3.67 v _109_/B (sky130_fd_sc_hd__xnor2_2)
                  0.04    0.14    3.81 v _109_/Y (sky130_fd_sc_hd__xnor2_2)
     1    0.00                           _050_ (net)
                  0.04    0.00    3.81 v _114_/A3 (sky130_fd_sc_hd__o311a_2)
                  0.05    0.33    4.14 v _114_/X (sky130_fd_sc_hd__o311a_2)
     1    0.00                           _003_ (net)
                  0.05    0.00    4.14 v _125_/D (sky130_fd_sc_hd__dfxtp_2)
                                  4.14   data arrival time

                  0.15   10.00   10.00   clock clk (rise edge)
                          0.00   10.00   clock network delay (ideal)
                         -0.25    9.75   clock uncertainty
                          0.00    9.75   clock reconvergence pessimism
                                  9.75 ^ _125_/CLK (sky130_fd_sc_hd__dfxtp_2)
                         -0.09    9.66   library setup time
                                  9.66   data required time
-----------------------------------------------------------------------------
                                  9.66   data required time
                                 -4.14   data arrival time
-----------------------------------------------------------------------------
                                  5.52   slack (MET)


Startpoint: sel[0] (input port clocked by clk)
Endpoint: _124_ (rising edge-triggered flip-flop clocked by clk)
Path Group: clk
Path Type: max

Fanout     Cap    Slew   Delay    Time   Description
-----------------------------------------------------------------------------
                  0.15    0.00    0.00   clock clk (rise edge)
                          0.00    0.00   clock network delay (ideal)
                          2.00    2.00 ^ input external delay
                  0.06    0.04    2.04 ^ sel[0] (in)
     6    0.01                           sel[0] (net)
                  0.06    0.00    2.04 ^ _074_/C_N (sky130_fd_sc_hd__or3b_2)
                  0.12    0.53    2.57 v _074_/X (sky130_fd_sc_hd__or3b_2)
     5    0.01                           _017_ (net)
                  0.12    0.00    2.57 v _076_/C (sky130_fd_sc_hd__and3_2)
                  0.05    0.26    2.83 v _076_/X (sky130_fd_sc_hd__and3_2)
     2    0.01                           _019_ (net)
                  0.05    0.00    2.83 v _078_/C (sky130_fd_sc_hd__or3_2)
                  0.11    0.47    3.30 v _078_/X (sky130_fd_sc_hd__or3_2)
     3    0.01                           _021_ (net)
                  0.11    0.00    3.30 v _093_/A1 (sky130_fd_sc_hd__a21boi_2)
                  0.24    0.27    3.57 ^ _093_/Y (sky130_fd_sc_hd__a21boi_2)
     3    0.02                           _035_ (net)
                  0.24    0.00    3.57 ^ _094_/B (sky130_fd_sc_hd__xor2_2)
                  0.06    0.09    3.66 v _094_/X (sky130_fd_sc_hd__xor2_2)
     1    0.00                           _036_ (net)
                  0.06    0.00    3.66 v _100_/A3 (sky130_fd_sc_hd__o311a_2)
                  0.05    0.34    4.00 v _100_/X (sky130_fd_sc_hd__o311a_2)
     1    0.00                           _002_ (net)
                  0.05    0.00    4.00 v _124_/D (sky130_fd_sc_hd__dfxtp_2)
                                  4.00   data arrival time

                  0.15   10.00   10.00   clock clk (rise edge)
                          0.00   10.00   clock network delay (ideal)
                         -0.25    9.75   clock uncertainty
                          0.00    9.75   clock reconvergence pessimism
                                  9.75 ^ _124_/CLK (sky130_fd_sc_hd__dfxtp_2)
                         -0.09    9.66   library setup time
                                  9.66   data required time
-----------------------------------------------------------------------------
                                  9.66   data required time
                                 -4.00   data arrival time
-----------------------------------------------------------------------------
                                  5.66   slack (MET)


Startpoint: sel[0] (input port clocked by clk)
Endpoint: _123_ (rising edge-triggered flip-flop clocked by clk)
Path Group: clk
Path Type: max

Fanout     Cap    Slew   Delay    Time   Description
-----------------------------------------------------------------------------
                  0.15    0.00    0.00   clock clk (rise edge)
                          0.00    0.00   clock network delay (ideal)
                          2.00    2.00 ^ input external delay
                  0.06    0.04    2.04 ^ sel[0] (in)
     6    0.01                           sel[0] (net)
                  0.06    0.00    2.04 ^ _074_/C_N (sky130_fd_sc_hd__or3b_2)
                  0.12    0.53    2.57 v _074_/X (sky130_fd_sc_hd__or3b_2)
     5    0.01                           _017_ (net)
                  0.12    0.00    2.57 v _076_/C (sky130_fd_sc_hd__and3_2)
                  0.05    0.26    2.83 v _076_/X (sky130_fd_sc_hd__and3_2)
     2    0.01                           _019_ (net)
                  0.05    0.00    2.83 v _078_/C (sky130_fd_sc_hd__or3_2)
                  0.11    0.47    3.30 v _078_/X (sky130_fd_sc_hd__or3_2)
     3    0.01                           _021_ (net)
                  0.11    0.00    3.30 v _081_/A2 (sky130_fd_sc_hd__a311o_2)
                  0.05    0.39    3.69 v _081_/X (sky130_fd_sc_hd__a311o_2)
     1    0.00                           _024_ (net)
                  0.05    0.00    3.69 v _088_/A2 (sky130_fd_sc_hd__o21ba_2)
                  0.04    0.21    3.90 v _088_/X (sky130_fd_sc_hd__o21ba_2)
     1    0.00                           _031_ (net)
                  0.04    0.00    3.90 v _089_/B (sky130_fd_sc_hd__nor2_2)
                  0.05    0.06    3.96 ^ _089_/Y (sky130_fd_sc_hd__nor2_2)
     1    0.00                           _001_ (net)
                  0.05    0.00    3.96 ^ _123_/D (sky130_fd_sc_hd__dfxtp_2)
                                  3.96   data arrival time

                  0.15   10.00   10.00   clock clk (rise edge)
                          0.00   10.00   clock network delay (ideal)
                         -0.25    9.75   clock uncertainty
                          0.00    9.75   clock reconvergence pessimism
                                  9.75 ^ _123_/CLK (sky130_fd_sc_hd__dfxtp_2)
                         -0.04    9.71   library setup time
                                  9.71   data required time
-----------------------------------------------------------------------------
                                  9.71   data required time
                                 -3.96   data arrival time
-----------------------------------------------------------------------------
                                  5.74   slack (MET)


Startpoint: sel[2] (input port clocked by clk)
Endpoint: _122_ (rising edge-triggered flip-flop clocked by clk)
Path Group: clk
Path Type: max

Fanout     Cap    Slew   Delay    Time   Description
-----------------------------------------------------------------------------
                  0.15    0.00    0.00   clock clk (rise edge)
                          0.00    0.00   clock network delay (ideal)
                          2.00    2.00 ^ input external delay
                  0.03    0.02    2.02 ^ sel[2] (in)
     3    0.01                           sel[2] (net)
                  0.03    0.00    2.02 ^ _061_/A (sky130_fd_sc_hd__buf_1)
                  0.29    0.26    2.28 ^ _061_/X (sky130_fd_sc_hd__buf_1)
    10    0.02                           _005_ (net)
                  0.29    0.00    2.28 ^ _063_/A_N (sky130_fd_sc_hd__and3b_2)
                  0.05    0.28    2.55 v _063_/X (sky130_fd_sc_hd__and3b_2)
     4    0.01                           _007_ (net)
                  0.05    0.00    2.55 v _065_/B1 (sky130_fd_sc_hd__o22a_2)
                  0.03    0.20    2.76 v _065_/X (sky130_fd_sc_hd__o22a_2)
     1    0.00                           _009_ (net)
                  0.03    0.00    2.76 v _073_/A1 (sky130_fd_sc_hd__o31a_2)
                  0.05    0.34    3.09 v _073_/X (sky130_fd_sc_hd__o31a_2)
     1    0.00                           _000_ (net)
                  0.05    0.00    3.09 v _122_/D (sky130_fd_sc_hd__dfxtp_2)
                                  3.09   data arrival time

                  0.15   10.00   10.00   clock clk (rise edge)
                          0.00   10.00   clock network delay (ideal)
                         -0.25    9.75   clock uncertainty
                          0.00    9.75   clock reconvergence pessimism
                                  9.75 ^ _122_/CLK (sky130_fd_sc_hd__dfxtp_2)
                         -0.09    9.66   library setup time
                                  9.66   data required time
-----------------------------------------------------------------------------
                                  9.66   data required time
                                 -3.09   data arrival time
-----------------------------------------------------------------------------
                                  6.57   slack (MET)


Startpoint: _122_ (rising edge-triggered flip-flop clocked by clk)
Endpoint: result[0] (output port clocked by clk)
Path Group: clk
Path Type: max

Fanout     Cap    Slew   Delay    Time   Description
-----------------------------------------------------------------------------
                  0.15    0.00    0.00   clock clk (rise edge)
                          0.00    0.00   clock network delay (ideal)
                  0.15    0.00    0.00 ^ _122_/CLK (sky130_fd_sc_hd__dfxtp_2)
                  0.18    0.47    0.47 ^ _122_/Q (sky130_fd_sc_hd__dfxtp_2)
     1    0.03                           result[0] (net)
                  0.18    0.00    0.47 ^ result[0] (out)
                                  0.47   data arrival time

                  0.15   10.00   10.00   clock clk (rise edge)
                          0.00   10.00   clock network delay (ideal)
                         -0.25    9.75   clock uncertainty
                          0.00    9.75   clock reconvergence pessimism
                         -2.00    7.75   output external delay
                                  7.75   data required time
-----------------------------------------------------------------------------
                                  7.75   data required time
                                 -0.47   data arrival time
-----------------------------------------------------------------------------
                                  7.28   slack (MET)


Startpoint: _123_ (rising edge-triggered flip-flop clocked by clk)
Endpoint: result[1] (output port clocked by clk)
Path Group: clk
Path Type: max

Fanout     Cap    Slew   Delay    Time   Description
-----------------------------------------------------------------------------
                  0.15    0.00    0.00   clock clk (rise edge)
                          0.00    0.00   clock network delay (ideal)
                  0.15    0.00    0.00 ^ _123_/CLK (sky130_fd_sc_hd__dfxtp_2)
                  0.18    0.47    0.47 ^ _123_/Q (sky130_fd_sc_hd__dfxtp_2)
     1    0.03                           result[1] (net)
                  0.18    0.00    0.47 ^ result[1] (out)
                                  0.47   data arrival time

                  0.15   10.00   10.00   clock clk (rise edge)
                          0.00   10.00   clock network delay (ideal)
                         -0.25    9.75   clock uncertainty
                          0.00    9.75   clock reconvergence pessimism
                         -2.00    7.75   output external delay
                                  7.75   data required time
-----------------------------------------------------------------------------
                                  7.75   data required time
                                 -0.47   data arrival time
-----------------------------------------------------------------------------
                                  7.28   slack (MET)


Startpoint: _124_ (rising edge-triggered flip-flop clocked by clk)
Endpoint: result[2] (output port clocked by clk)
Path Group: clk
Path Type: max

Fanout     Cap    Slew   Delay    Time   Description
-----------------------------------------------------------------------------
                  0.15    0.00    0.00   clock clk (rise edge)
                          0.00    0.00   clock network delay (ideal)
                  0.15    0.00    0.00 ^ _124_/CLK (sky130_fd_sc_hd__dfxtp_2)
                  0.18    0.47    0.47 ^ _124_/Q (sky130_fd_sc_hd__dfxtp_2)
     1    0.03                           result[2] (net)
                  0.18    0.00    0.47 ^ result[2] (out)
                                  0.47   data arrival time

                  0.15   10.00   10.00   clock clk (rise edge)
                          0.00   10.00   clock network delay (ideal)
                         -0.25    9.75   clock uncertainty
                          0.00    9.75   clock reconvergence pessimism
                         -2.00    7.75   output external delay
                                  7.75   data required time
-----------------------------------------------------------------------------
                                  7.75   data required time
                                 -0.47   data arrival time
-----------------------------------------------------------------------------
                                  7.28   slack (MET)


Startpoint: _125_ (rising edge-triggered flip-flop clocked by clk)
Endpoint: result[3] (output port clocked by clk)
Path Group: clk
Path Type: max

Fanout     Cap    Slew   Delay    Time   Description
-----------------------------------------------------------------------------
                  0.15    0.00    0.00   clock clk (rise edge)
                          0.00    0.00   clock network delay (ideal)
                  0.15    0.00    0.00 ^ _125_/CLK (sky130_fd_sc_hd__dfxtp_2)
                  0.18    0.47    0.47 ^ _125_/Q (sky130_fd_sc_hd__dfxtp_2)
     1    0.03                           result[3] (net)
                  0.18    0.00    0.47 ^ result[3] (out)
                                  0.47   data arrival time

                  0.15   10.00   10.00   clock clk (rise edge)
                          0.00   10.00   clock network delay (ideal)
                         -0.25    9.75   clock uncertainty
                          0.00    9.75   clock reconvergence pessimism
                         -2.00    7.75   output external delay
                                  7.75   data required time
-----------------------------------------------------------------------------
                                  7.75   data required time
                                 -0.47   data arrival time
-----------------------------------------------------------------------------
                                  7.28   slack (MET)


Startpoint: _126_ (rising edge-triggered flip-flop clocked by clk)
Endpoint: result[4] (output port clocked by clk)
Path Group: clk
Path Type: max

Fanout     Cap    Slew   Delay    Time   Description
-----------------------------------------------------------------------------
                  0.15    0.00    0.00   clock clk (rise edge)
                          0.00    0.00   clock network delay (ideal)
                  0.15    0.00    0.00 ^ _126_/CLK (sky130_fd_sc_hd__dfxtp_2)
                  0.18    0.47    0.47 ^ _126_/Q (sky130_fd_sc_hd__dfxtp_2)
     1    0.03                           result[4] (net)
                  0.18    0.00    0.47 ^ result[4] (out)
                                  0.47   data arrival time

                  0.15   10.00   10.00   clock clk (rise edge)
                          0.00   10.00   clock network delay (ideal)
                         -0.25    9.75   clock uncertainty
                          0.00    9.75   clock reconvergence pessimism
                         -2.00    7.75   output external delay
                                  7.75   data required time
-----------------------------------------------------------------------------
                                  7.75   data required time
                                 -0.47   data arrival time
-----------------------------------------------------------------------------
                                  7.28   slack (MET)



