
===========================================================================
report_checks -unconstrained
===========================================================================
======================= Typical Corner ===================================

Startpoint: sel[0] (input port clocked by clk)
Endpoint: _126_ (rising edge-triggered flip-flop clocked by clk)
Path Group: clk
Path Type: max

Fanout     Cap    Slew   Delay    Time   Description
-----------------------------------------------------------------------------
                          0.00    0.00   clock clk (rise edge)
                          0.00    0.00   clock network delay (propagated)
                          2.00    2.00 ^ input external delay
                  0.02    0.01    2.01 ^ sel[0] (in)
     1    0.00                           sel[0] (net)
                  0.02    0.00    2.01 ^ input10/A (sky130_fd_sc_hd__dlymetal6s2s_1)
                  0.19    0.19    2.20 ^ input10/X (sky130_fd_sc_hd__dlymetal6s2s_1)
     6    0.02                           net10 (net)
                  0.19    0.00    2.20 ^ _074_/C_N (sky130_fd_sc_hd__or3b_2)
                  0.12    0.55    2.76 v _074_/X (sky130_fd_sc_hd__or3b_2)
     5    0.02                           _017_ (net)
                  0.12    0.00    2.76 v _076_/C (sky130_fd_sc_hd__and3_1)
                  0.04    0.22    2.98 v _076_/X (sky130_fd_sc_hd__and3_1)
     2    0.00                           _019_ (net)
                  0.04    0.00    2.98 v _078_/C (sky130_fd_sc_hd__or3_2)
                  0.11    0.47    3.46 v _078_/X (sky130_fd_sc_hd__or3_2)
     3    0.01                           _021_ (net)
                  0.11    0.00    3.46 v _093_/A1 (sky130_fd_sc_hd__a21boi_2)
                  0.20    0.24    3.70 ^ _093_/Y (sky130_fd_sc_hd__a21boi_2)
     3    0.01                           _035_ (net)
                  0.20    0.00    3.70 ^ _116_/A2 (sky130_fd_sc_hd__o211ai_2)
                  0.09    0.12    3.81 v _116_/Y (sky130_fd_sc_hd__o211ai_2)
     2    0.01                           _056_ (net)
                  0.09    0.00    3.81 v _117_/C1 (sky130_fd_sc_hd__o211a_1)
                  0.04    0.13    3.94 v _117_/X (sky130_fd_sc_hd__o211a_1)
     1    0.00                           _057_ (net)
                  0.04    0.00    3.94 v _119_/C (sky130_fd_sc_hd__or4b_1)
                  0.08    0.48    4.43 v _119_/X (sky130_fd_sc_hd__or4b_1)
     1    0.00                           _059_ (net)
                  0.08    0.00    4.43 v _121_/A1 (sky130_fd_sc_hd__a21oi_1)
                  0.14    0.17    4.59 ^ _121_/Y (sky130_fd_sc_hd__a21oi_1)
     1    0.00                           _004_ (net)
                  0.14    0.00    4.59 ^ _126_/D (sky130_fd_sc_hd__dfxtp_1)
                                  4.59   data arrival time

                         10.00   10.00   clock clk (rise edge)
                          0.00   10.00   clock source latency
                  0.07    0.04   10.04 ^ clk (in)
     1    0.01                           clk (net)
                  0.07    0.00   10.04 ^ clkbuf_0_clk/A (sky130_fd_sc_hd__clkbuf_16)
                  0.04    0.12   10.17 ^ clkbuf_0_clk/X (sky130_fd_sc_hd__clkbuf_16)
     2    0.02                           clknet_0_clk (net)
                  0.04    0.00   10.17 ^ clkbuf_1_1__f_clk/A (sky130_fd_sc_hd__clkbuf_16)
                  0.03    0.11   10.28 ^ clkbuf_1_1__f_clk/X (sky130_fd_sc_hd__clkbuf_16)
     2    0.01                           clknet_1_1__leaf_clk (net)
                  0.03    0.00   10.28 ^ _126_/CLK (sky130_fd_sc_hd__dfxtp_1)
                         -0.25   10.03   clock uncertainty
                          0.00   10.03   clock reconvergence pessimism
                         -0.08    9.95   library setup time
                                  9.95   data required time
-----------------------------------------------------------------------------
                                  9.95   data required time
                                 -4.59   data arrival time
-----------------------------------------------------------------------------
                                  5.36   slack (MET)




===========================================================================
report_checks --slack_max -0.01
============================================================================
======================= Typical Corner ===================================

No paths found.


===========================================================================
 report_check_types -max_slew -max_cap -max_fanout -violators
============================================================================
======================= Typical Corner ===================================



===========================================================================
report_parasitic_annotation -report_unannotated
============================================================================
Found 0 unannotated drivers.
Found 0 partially unannotated drivers.

===========================================================================
max slew violation count 0
max fanout violation count 0
max cap violation count 0
============================================================================

===========================================================================
check_setup -verbose -unconstrained_endpoints -multiple_clock -no_clock -no_input_delay -loops -generated_clocks
===========================================================================
