Instance name,  X location,  Y location,  Voltage 
input8, 83.05, 87.04, 3.17683e-05
FILLER_0_28_153, 83.05, 87.04, 3.17683e-05
FILLER_0_28_161, 83.05, 87.04, 3.17683e-05
FILLER_0_26_165, 83.05, 81.6, 2.90544e-05
FILLER_0_27_161, 83.05, 81.6, 2.90544e-05
input2, 83.05, 76.16, 3.02474e-05
FILLER_0_24_165, 83.05, 76.16, 3.02474e-05
FILLER_0_25_161, 83.05, 76.16, 3.02474e-05
FILLER_0_22_165, 83.05, 70.72, 2.91555e-05
FILLER_0_23_161, 83.05, 70.72, 2.91555e-05
FILLER_0_20_165, 83.05, 65.28, 3.00265e-05
FILLER_0_21_161, 83.05, 65.28, 3.00265e-05
FILLER_0_18_165, 83.05, 59.84, 3.01831e-05
FILLER_0_19_161, 83.05, 59.84, 3.01831e-05
output15, 83.05, 54.4, 3.48081e-05
FILLER_0_16_153, 83.05, 54.4, 3.48081e-05
FILLER_0_16_161, 83.05, 54.4, 3.48081e-05
_124_, 83.05, 48.96, 4.13014e-05
FILLER_0_15_164, 83.05, 48.96, 4.13014e-05
FILLER_0_12_165, 83.05, 43.52, 2.87348e-05
FILLER_0_9_157, 83.05, 38.08, 4.88076e-05
FILLER_0_10_165, 83.05, 38.08, 4.88076e-05
FILLER_0_11_161, 83.05, 38.08, 4.88076e-05
FILLER_0_8_165, 83.05, 32.64, 3.02639e-05
FILLER_0_9_165, 83.05, 32.64, 3.02639e-05
input12, 83.05, 27.2, 3.4392e-05
FILLER_0_6_165, 83.05, 27.2, 3.4392e-05
FILLER_0_7_161, 83.05, 27.2, 3.4392e-05
FILLER_0_4_165, 83.05, 21.76, 3.10221e-05
FILLER_0_5_161, 83.05, 21.76, 3.10221e-05
FILLER_0_2_165, 83.05, 16.32, 3.15388e-05
FILLER_0_3_161, 83.05, 16.32, 3.15388e-05
input1, 83.05, 10.88, 3.28624e-05
FILLER_0_0_153, 83.05, 10.88, 3.28624e-05
FILLER_0_0_161, 83.05, 10.88, 3.28624e-05
FILLER_0_1_161, 83.05, 10.88, 3.28624e-05
FILLER_0_27_105, 63.155, 87.04, 3.11084e-05
FILLER_0_25_105, 63.155, 81.6, 2.86343e-05
FILLER_0_23_105, 63.155, 76.16, 2.88946e-05
FILLER_0_21_107, 63.155, 70.72, 2.8983e-05
FILLER_0_19_107, 63.155, 65.28, 3.1658e-05
_102_, 63.155, 59.84, 3.19852e-05
_103_, 63.155, 59.84, 3.19852e-05
_104_, 63.155, 59.84, 3.19852e-05
_105_, 63.155, 59.84, 3.19852e-05
_106_, 63.155, 54.4, 3.26985e-05
_116_, 63.155, 54.4, 3.26985e-05
FILLER_0_15_106, 63.155, 54.4, 3.26985e-05
_108_, 63.155, 48.96, 4.04824e-05
_109_, 63.155, 48.96, 4.04824e-05
_126_, 63.155, 48.96, 4.04824e-05
FILLER_0_13_109, 63.155, 48.96, 4.04824e-05
FILLER_0_11_109, 63.155, 43.52, 2.9686e-05
clkbuf_0_clk, 63.155, 38.08, 8.6547e-05
FILLER_0_9_105, 63.155, 38.08, 8.6547e-05
FILLER_0_7_105, 63.155, 32.64, 3.03034e-05
FILLER_0_5_105, 63.155, 27.2, 4.00753e-05
FILLER_0_3_105, 63.155, 21.76, 3.14136e-05
FILLER_0_1_105, 63.155, 16.32, 3.2671e-05
input4, 63.155, 10.88, 3.32309e-05
FILLER_0_0_109, 63.155, 10.88, 3.32309e-05
FILLER_0_0_113, 63.155, 10.88, 3.32309e-05
FILLER_0_28_81, 43.26, 87.04, 3.01133e-05
FILLER_0_26_77, 43.26, 81.6, 2.77639e-05
FILLER_0_24_77, 43.26, 76.16, 2.75958e-05
_084_, 43.26, 70.72, 2.80372e-05
_095_, 43.26, 70.72, 2.80372e-05
FILLER_0_22_77, 43.26, 70.72, 2.80372e-05
_074_, 43.26, 65.28, 3.32256e-05
_096_, 43.26, 65.28, 3.32256e-05
_110_, 43.26, 65.28, 3.32256e-05
FILLER_0_19_69, 43.26, 65.28, 3.32256e-05
_083_, 43.26, 59.84, 3.04416e-05
_111_, 43.26, 59.84, 3.04416e-05
_112_, 43.26, 59.84, 3.04416e-05
FILLER_0_18_74, 43.26, 59.84, 3.04416e-05
FILLER_0_19_76, 43.26, 59.84, 3.04416e-05
_097_, 43.26, 54.4, 2.97962e-05
_098_, 43.26, 54.4, 2.97962e-05
_099_, 43.26, 54.4, 2.97962e-05
FILLER_0_16_77, 43.26, 54.4, 2.97962e-05
_072_, 43.26, 48.96, 3.08876e-05
_100_, 43.26, 48.96, 3.08876e-05
_120_, 43.26, 48.96, 3.08876e-05
_121_, 43.26, 48.96, 3.08876e-05
FILLER_0_13_65, 43.26, 48.96, 3.08876e-05
FILLER_0_14_62, 43.26, 48.96, 3.08876e-05
FILLER_0_14_74, 43.26, 48.96, 3.08876e-05
FILLER_0_15_77, 43.26, 48.96, 3.08876e-05
_061_, 43.26, 43.52, 3.23776e-05
_081_, 43.26, 43.52, 3.23776e-05
_088_, 43.26, 43.52, 3.23776e-05
_089_, 43.26, 43.52, 3.23776e-05
FILLER_0_12_63, 43.26, 43.52, 3.23776e-05
FILLER_0_12_81, 43.26, 43.52, 3.23776e-05
_123_, 43.26, 38.08, 6.23168e-05
FILLER_0_10_81, 43.26, 38.08, 6.23168e-05
FILLER_0_8_77, 43.26, 32.64, 2.79165e-05
clkbuf_1_0__f_clk, 43.26, 27.2, 6.22067e-05
FILLER_0_4_77, 43.26, 21.76, 3.11938e-05
FILLER_0_2_77, 43.26, 16.32, 3.5434e-05
input9, 43.26, 10.88, 3.30091e-05
FILLER_0_0_73, 43.26, 10.88, 3.30091e-05
FILLER_0_0_81, 43.26, 10.88, 3.30091e-05
FILLER_0_28_22, 23.365, 87.04, 3.08183e-05
FILLER_0_19_39, 23.365, 59.84, 2.79045e-05
FILLER_0_17_39, 23.365, 54.4, 2.75894e-05
FILLER_0_15_39, 23.365, 48.96, 2.67893e-05
FILLER_0_12_21, 23.365, 43.52, 3.46974e-05
FILLER_0_4_21, 23.365, 21.76, 3.28861e-05
output13, 23.365, 10.88, 3.53225e-05
FILLER_0_0_25, 23.365, 10.88, 3.53225e-05
PHY_54, 10.12, 87.04, 3.46746e-05
PHY_56, 10.12, 87.04, 3.46746e-05
input5, 10.12, 87.04, 3.46746e-05
input11, 10.12, 87.04, 3.46746e-05
PHY_55, 89.7, 87.04, 3.17683e-05
PHY_57, 89.7, 87.04, 3.17683e-05
input6, 33.312, 87.04, 3.11486e-05
FILLER_0_28_41, 33.312, 87.04, 3.11486e-05
FILLER_0_28_53, 33.312, 87.04, 3.11486e-05
input3, 53.207, 87.04, 3.15116e-05
FILLER_0_28_102, 53.207, 87.04, 3.15116e-05
output17, 73.102, 87.04, 3.28458e-05
FILLER_0_28_137, 73.102, 87.04, 3.28458e-05
FILLER_0_28_141, 73.102, 87.04, 3.28458e-05
PHY_50, 10.12, 81.6, 2.74828e-05
PHY_52, 10.12, 81.6, 2.74828e-05
PHY_51, 89.7, 81.6, 2.90545e-05
PHY_53, 89.7, 81.6, 2.90545e-05
FILLER_0_27_51, 33.312, 81.6, 2.76234e-05
FILLER_0_26_133, 73.102, 81.6, 2.88443e-05
PHY_46, 10.12, 76.16, 2.72134e-05
PHY_48, 10.12, 76.16, 2.72134e-05
PHY_47, 89.7, 76.16, 3.02475e-05
PHY_49, 89.7, 76.16, 3.02475e-05
FILLER_0_25_51, 33.312, 76.16, 2.74046e-05
FILLER_0_24_133, 73.102, 76.16, 2.9571e-05
PHY_42, 10.12, 70.72, 2.714e-05
PHY_44, 10.12, 70.72, 2.714e-05
PHY_43, 89.7, 70.72, 2.91555e-05
PHY_45, 89.7, 70.72, 2.91555e-05
FILLER_0_23_51, 33.312, 70.72, 2.75886e-05
_090_, 53.207, 70.72, 2.90067e-05
FILLER_0_22_133, 73.102, 70.72, 2.90693e-05
PHY_38, 10.12, 65.28, 3.36034e-05
PHY_40, 10.12, 65.28, 3.36034e-05
input10, 10.12, 65.28, 3.36034e-05
PHY_39, 89.7, 65.28, 3.00265e-05
PHY_41, 89.7, 65.28, 3.00265e-05
_062_, 33.312, 65.28, 3.53414e-05
_063_, 33.312, 65.28, 3.53414e-05
_066_, 33.312, 65.28, 3.53414e-05
_085_, 33.312, 65.28, 3.53414e-05
_086_, 33.312, 65.28, 3.53414e-05
max_cap18, 33.312, 65.28, 3.53414e-05
FILLER_0_21_57, 33.312, 65.28, 3.53414e-05
_091_, 53.207, 65.28, 3.52455e-05
_092_, 53.207, 65.28, 3.52455e-05
_101_, 53.207, 65.28, 3.52455e-05
FILLER_0_19_86, 53.207, 65.28, 3.52455e-05
FILLER_0_20_85, 53.207, 65.28, 3.52455e-05
PHY_34, 10.12, 59.84, 2.79045e-05
PHY_36, 10.12, 59.84, 2.79045e-05
PHY_35, 89.7, 59.84, 3.01831e-05
PHY_37, 89.7, 59.84, 3.01831e-05
_068_, 33.312, 59.84, 3.02672e-05
_069_, 33.312, 59.84, 3.02672e-05
_082_, 33.312, 59.84, 3.02672e-05
FILLER_0_18_41, 33.312, 59.84, 3.02672e-05
FILLER_0_18_60, 33.312, 59.84, 3.02672e-05
FILLER_0_19_52, 33.312, 59.84, 3.02672e-05
_075_, 53.207, 59.84, 3.32095e-05
_076_, 53.207, 59.84, 3.32095e-05
_077_, 53.207, 59.84, 3.32095e-05
_078_, 53.207, 59.84, 3.32095e-05
_107_, 53.207, 59.84, 3.32095e-05
_115_, 53.207, 59.84, 3.32095e-05
FILLER_0_18_94, 53.207, 59.84, 3.32095e-05
FILLER_0_18_100, 53.207, 59.84, 3.32095e-05
FILLER_0_19_96, 53.207, 59.84, 3.32095e-05
PHY_30, 10.12, 54.4, 2.75895e-05
PHY_32, 10.12, 54.4, 2.75895e-05
PHY_31, 89.7, 54.4, 3.48081e-05
PHY_33, 89.7, 54.4, 3.48081e-05
_067_, 33.312, 54.4, 3.06377e-05
_070_, 33.312, 54.4, 3.06377e-05
_071_, 33.312, 54.4, 3.06377e-05
_087_, 33.312, 54.4, 3.06377e-05
_113_, 33.312, 54.4, 3.06377e-05
FILLER_0_16_41, 33.312, 54.4, 3.06377e-05
FILLER_0_17_53, 33.312, 54.4, 3.06377e-05
FILLER_0_17_57, 33.312, 54.4, 3.06377e-05
_117_, 53.207, 54.4, 3.26873e-05
_118_, 53.207, 54.4, 3.26873e-05
_119_, 53.207, 54.4, 3.26873e-05
FILLER_0_16_136, 73.102, 54.4, 3.37532e-05
PHY_26, 10.12, 48.96, 2.67893e-05
PHY_28, 10.12, 48.96, 2.67893e-05
PHY_27, 89.7, 48.96, 4.13014e-05
PHY_29, 89.7, 48.96, 4.13014e-05
_064_, 33.312, 48.96, 3.02277e-05
_065_, 33.312, 48.96, 3.02277e-05
_073_, 33.312, 48.96, 3.02277e-05
FILLER_0_14_41, 33.312, 48.96, 3.02277e-05
FILLER_0_15_53, 33.312, 48.96, 3.02277e-05
FILLER_0_15_57, 33.312, 48.96, 3.02277e-05
_080_, 53.207, 48.96, 3.69509e-05
_093_, 53.207, 48.96, 3.69509e-05
FILLER_0_14_101, 53.207, 48.96, 3.69509e-05
FILLER_0_15_98, 53.207, 48.96, 3.69509e-05
FILLER_0_14_133, 73.102, 48.96, 4.08919e-05
PHY_22, 10.12, 43.52, 4.33885e-05
PHY_24, 10.12, 43.52, 4.33885e-05
output16, 10.12, 43.52, 4.33885e-05
PHY_23, 89.7, 43.52, 2.87348e-05
PHY_25, 89.7, 43.52, 2.87348e-05
_114_, 33.312, 43.52, 4.06593e-05
_125_, 33.312, 43.52, 4.06593e-05
FILLER_0_12_41, 33.312, 43.52, 4.06593e-05
FILLER_0_13_51, 33.312, 43.52, 4.06593e-05
_079_, 53.207, 43.52, 3.21154e-05
_094_, 53.207, 43.52, 3.21154e-05
FILLER_0_12_85, 53.207, 43.52, 3.21154e-05
FILLER_0_13_98, 53.207, 43.52, 3.21154e-05
FILLER_0_12_130, 73.102, 43.52, 2.92104e-05
PHY_18, 10.12, 38.08, 3.73174e-05
PHY_20, 10.12, 38.08, 3.73174e-05
PHY_19, 89.7, 38.08, 4.88077e-05
PHY_21, 89.7, 38.08, 4.88077e-05
FILLER_0_11_51, 33.312, 38.08, 4.98165e-05
clkbuf_1_1__f_clk, 53.207, 38.08, 0.000100153
FILLER_0_10_85, 53.207, 38.08, 0.000100153
FILLER_0_10_135, 73.102, 38.08, 6.76783e-05
PHY_14, 10.12, 32.64, 2.70313e-05
PHY_16, 10.12, 32.64, 2.70313e-05
PHY_15, 89.7, 32.64, 3.02639e-05
PHY_17, 89.7, 32.64, 3.02639e-05
FILLER_0_9_51, 33.312, 32.64, 2.74739e-05
FILLER_0_8_133, 73.102, 32.64, 3.02836e-05
PHY_10, 10.12, 27.2, 3.97093e-05
PHY_12, 10.12, 27.2, 3.97093e-05
PHY_11, 89.7, 27.2, 3.4392e-05
PHY_13, 89.7, 27.2, 3.4392e-05
FILLER_0_6_53, 33.312, 27.2, 5.09574e-05
FILLER_0_7_51, 33.312, 27.2, 5.09574e-05
FILLER_0_6_133, 73.102, 27.2, 3.72338e-05
PHY_6, 10.12, 21.76, 3.86134e-05
PHY_8, 10.12, 21.76, 3.86134e-05
output14, 10.12, 21.76, 3.86134e-05
PHY_7, 89.7, 21.76, 3.10221e-05
PHY_9, 89.7, 21.76, 3.10221e-05
FILLER_0_5_51, 33.312, 21.76, 3.204e-05
FILLER_0_4_133, 73.102, 21.76, 3.12179e-05
PHY_2, 10.12, 16.32, 3.58317e-05
PHY_4, 10.12, 16.32, 3.58317e-05
PHY_3, 89.7, 16.32, 3.15389e-05
PHY_5, 89.7, 16.32, 3.15389e-05
_122_, 33.312, 16.32, 4.15624e-05
FILLER_0_3_51, 33.312, 16.32, 4.15624e-05
FILLER_0_2_133, 73.102, 16.32, 3.21049e-05
PHY_0, 10.12, 10.88, 3.77347e-05
input7, 10.12, 10.88, 3.77347e-05
PHY_1, 89.7, 10.88, 3.28624e-05
FILLER_0_0_53, 33.312, 10.88, 3.41658e-05
FILLER_0_0_135, 73.102, 10.88, 3.30466e-05

