
===========================================================================
report_checks -unconstrained
===========================================================================
======================= Typical Corner ===================================

Startpoint: sel[0] (input port clocked by clk)
Endpoint: _126_ (rising edge-triggered flip-flop clocked by clk)
Path Group: clk
Path Type: max

Fanout     Cap    Slew   Delay    Time   Description
-----------------------------------------------------------------------------
                  0.15    0.00    0.00   clock clk (rise edge)
                          0.00    0.00   clock network delay (ideal)
                          2.00    2.00 ^ input external delay
                  0.02    0.01    2.01 ^ sel[0] (in)
     1    0.00                           sel[0] (net)
                  0.02    0.00    2.01 ^ input10/A (sky130_fd_sc_hd__buf_1)
                  0.17    0.17    2.18 ^ input10/X (sky130_fd_sc_hd__buf_1)
     6    0.01                           net10 (net)
                  0.17    0.00    2.18 ^ _074_/C_N (sky130_fd_sc_hd__or3b_2)
                  0.11    0.54    2.72 v _074_/X (sky130_fd_sc_hd__or3b_2)
     5    0.01                           _017_ (net)
                  0.11    0.00    2.72 v _076_/C (sky130_fd_sc_hd__and3_1)
                  0.04    0.22    2.95 v _076_/X (sky130_fd_sc_hd__and3_1)
     2    0.00                           _019_ (net)
                  0.04    0.00    2.95 v _078_/C (sky130_fd_sc_hd__or3_1)
                  0.10    0.37    3.32 v _078_/X (sky130_fd_sc_hd__or3_1)
     3    0.01                           _021_ (net)
                  0.10    0.00    3.32 v _093_/A1 (sky130_fd_sc_hd__a21boi_2)
                  0.16    0.20    3.52 ^ _093_/Y (sky130_fd_sc_hd__a21boi_2)
     3    0.01                           _035_ (net)
                  0.16    0.00    3.52 ^ _116_/A2 (sky130_fd_sc_hd__o211ai_1)
                  0.10    0.12    3.64 v _116_/Y (sky130_fd_sc_hd__o211ai_1)
     2    0.01                           _056_ (net)
                  0.10    0.00    3.64 v _117_/C1 (sky130_fd_sc_hd__o211a_1)
                  0.03    0.13    3.77 v _117_/X (sky130_fd_sc_hd__o211a_1)
     1    0.00                           _057_ (net)
                  0.03    0.00    3.77 v _119_/C (sky130_fd_sc_hd__or4b_1)
                  0.08    0.48    4.25 v _119_/X (sky130_fd_sc_hd__or4b_1)
     1    0.00                           _059_ (net)
                  0.08    0.00    4.25 v _121_/A1 (sky130_fd_sc_hd__a21oi_1)
                  0.11    0.14    4.39 ^ _121_/Y (sky130_fd_sc_hd__a21oi_1)
     1    0.00                           _004_ (net)
                  0.11    0.00    4.39 ^ _126_/D (sky130_fd_sc_hd__dfxtp_1)
                                  4.39   data arrival time

                  0.15   10.00   10.00   clock clk (rise edge)
                          0.00   10.00   clock network delay (ideal)
                         -0.25    9.75   clock uncertainty
                          0.00    9.75   clock reconvergence pessimism
                                  9.75 ^ _126_/CLK (sky130_fd_sc_hd__dfxtp_1)
                         -0.05    9.70   library setup time
                                  9.70   data required time
-----------------------------------------------------------------------------
                                  9.70   data required time
                                 -4.39   data arrival time
-----------------------------------------------------------------------------
                                  5.30   slack (MET)




===========================================================================
report_checks --slack_max -0.01
============================================================================
======================= Typical Corner ===================================

No paths found.


===========================================================================
 report_check_types -max_slew -max_cap -max_fanout -violators
============================================================================
======================= Typical Corner ===================================



===========================================================================
report_parasitic_annotation -report_unannotated
============================================================================
Found 97 unannotated drivers.
 a[0]
 a[1]
 a[2]
 a[3]
 b[0]
 b[1]
 b[2]
 b[3]
 clk
 rst
 sel[0]
 sel[1]
 sel[2]
 _061_/X
 _062_/X
 _063_/X
 _064_/Y
 _065_/X
 _066_/Y
 _067_/X
 _068_/X
 _069_/X
 _070_/Y
 _071_/X
 _072_/Y
 _073_/X
 _074_/X
 _075_/Y
 _076_/X
 _077_/Y
 _078_/X
 _079_/X
 _080_/Y
 _081_/X
 _082_/X
 _083_/X
 _084_/Y
 _085_/X
 _086_/X
 _087_/X
 _088_/X
 _089_/Y
 _090_/X
 _091_/Y
 _092_/Y
 _093_/Y
 _094_/X
 _095_/Y
 _096_/X
 _097_/X
 _098_/Y
 _099_/X
 _100_/X
 _101_/X
 _102_/Y
 _103_/X
 _104_/Y
 _105_/X
 _106_/Y
 _107_/Y
 _108_/Y
 _109_/Y
 _110_/Y
 _111_/X
 _112_/X
 _113_/X
 _114_/X
 _115_/Y
 _116_/Y
 _117_/X
 _118_/X
 _119_/X
 _120_/Y
 _121_/Y
 _122_/Q
 _123_/Q
 _124_/Q
 _125_/Q
 _126_/Q
 input1/X
 input10/X
 input11/X
 input12/X
 input2/X
 input3/X
 input4/X
 input5/X
 input6/X
 input7/X
 input8/X
 input9/X
 max_cap18/X
 output13/X
 output14/X
 output15/X
 output16/X
 output17/X
Found 0 partially unannotated drivers.

===========================================================================
max slew violation count 0
max fanout violation count 0
max cap violation count 0
============================================================================

===========================================================================
check_setup -verbose -unconstrained_endpoints -multiple_clock -no_clock -no_input_delay -loops -generated_clocks
===========================================================================
