
===========================================================================
report_checks -path_delay min (Hold)
============================================================================
======================= Typical Corner ===================================

Startpoint: rst (input port clocked by clk)
Endpoint: _123_ (rising edge-triggered flip-flop clocked by clk)
Path Group: clk
Path Type: min

Fanout     Cap    Slew   Delay    Time   Description
-----------------------------------------------------------------------------
                  0.15    0.00    0.00   clock clk (rise edge)
                          0.00    0.00   clock network delay (ideal)
                          2.00    2.00 ^ input external delay
                  0.09    0.06    2.06 ^ rst (in)
     3    0.02                           rst (net)
                  0.09    0.00    2.06 ^ _089_/A (sky130_fd_sc_hd__nor2_2)
                  0.01    0.04    2.10 v _089_/Y (sky130_fd_sc_hd__nor2_2)
     1    0.00                           _001_ (net)
                  0.01    0.00    2.10 v _123_/D (sky130_fd_sc_hd__dfxtp_2)
                                  2.10   data arrival time

                  0.15    0.00    0.00   clock clk (rise edge)
                          0.00    0.00   clock network delay (ideal)
                          0.25    0.25   clock uncertainty
                          0.00    0.25   clock reconvergence pessimism
                                  0.25 ^ _123_/CLK (sky130_fd_sc_hd__dfxtp_2)
                         -0.01    0.24   library hold time
                                  0.24   data required time
-----------------------------------------------------------------------------
                                  0.24   data required time
                                 -2.10   data arrival time
-----------------------------------------------------------------------------
                                  1.86   slack (MET)


Startpoint: rst (input port clocked by clk)
Endpoint: _126_ (rising edge-triggered flip-flop clocked by clk)
Path Group: clk
Path Type: min

Fanout     Cap    Slew   Delay    Time   Description
-----------------------------------------------------------------------------
                  0.15    0.00    0.00   clock clk (rise edge)
                          0.00    0.00   clock network delay (ideal)
                          2.00    2.00 ^ input external delay
                  0.09    0.06    2.06 ^ rst (in)
     3    0.02                           rst (net)
                  0.09    0.00    2.06 ^ _121_/B1 (sky130_fd_sc_hd__a21oi_2)
                  0.03    0.04    2.09 v _121_/Y (sky130_fd_sc_hd__a21oi_2)
     1    0.00                           _004_ (net)
                  0.03    0.00    2.09 v _126_/D (sky130_fd_sc_hd__dfxtp_2)
                                  2.09   data arrival time

                  0.15    0.00    0.00   clock clk (rise edge)
                          0.00    0.00   clock network delay (ideal)
                          0.25    0.25   clock uncertainty
                          0.00    0.25   clock reconvergence pessimism
                                  0.25 ^ _126_/CLK (sky130_fd_sc_hd__dfxtp_2)
                         -0.02    0.23   library hold time
                                  0.23   data required time
-----------------------------------------------------------------------------
                                  0.23   data required time
                                 -2.09   data arrival time
-----------------------------------------------------------------------------
                                  1.86   slack (MET)


Startpoint: rst (input port clocked by clk)
Endpoint: _125_ (rising edge-triggered flip-flop clocked by clk)
Path Group: clk
Path Type: min

Fanout     Cap    Slew   Delay    Time   Description
-----------------------------------------------------------------------------
                  0.15    0.00    0.00   clock clk (rise edge)
                          0.00    0.00   clock network delay (ideal)
                          2.00    2.00 ^ input external delay
                  0.09    0.06    2.06 ^ rst (in)
     3    0.02                           rst (net)
                  0.09    0.00    2.06 ^ _072_/A (sky130_fd_sc_hd__inv_2)
                  0.03    0.04    2.10 v _072_/Y (sky130_fd_sc_hd__inv_2)
     3    0.01                           _016_ (net)
                  0.03    0.00    2.10 v _114_/C1 (sky130_fd_sc_hd__o311a_2)
                  0.02    0.10    2.20 v _114_/X (sky130_fd_sc_hd__o311a_2)
     1    0.00                           _003_ (net)
                  0.02    0.00    2.20 v _125_/D (sky130_fd_sc_hd__dfxtp_2)
                                  2.20   data arrival time

                  0.15    0.00    0.00   clock clk (rise edge)
                          0.00    0.00   clock network delay (ideal)
                          0.25    0.25   clock uncertainty
                          0.00    0.25   clock reconvergence pessimism
                                  0.25 ^ _125_/CLK (sky130_fd_sc_hd__dfxtp_2)
                         -0.01    0.24   library hold time
                                  0.24   data required time
-----------------------------------------------------------------------------
                                  0.24   data required time
                                 -2.20   data arrival time
-----------------------------------------------------------------------------
                                  1.96   slack (MET)


Startpoint: rst (input port clocked by clk)
Endpoint: _122_ (rising edge-triggered flip-flop clocked by clk)
Path Group: clk
Path Type: min

Fanout     Cap    Slew   Delay    Time   Description
-----------------------------------------------------------------------------
                  0.15    0.00    0.00   clock clk (rise edge)
                          0.00    0.00   clock network delay (ideal)
                          2.00    2.00 v input external delay
                  0.04    0.03    2.03 v rst (in)
     3    0.02                           rst (net)
                  0.04    0.00    2.03 v _072_/A (sky130_fd_sc_hd__inv_2)
                  0.04    0.05    2.08 ^ _072_/Y (sky130_fd_sc_hd__inv_2)
     3    0.01                           _016_ (net)
                  0.04    0.00    2.08 ^ _073_/B1 (sky130_fd_sc_hd__o31a_2)
                  0.04    0.12    2.20 ^ _073_/X (sky130_fd_sc_hd__o31a_2)
     1    0.00                           _000_ (net)
                  0.04    0.00    2.20 ^ _122_/D (sky130_fd_sc_hd__dfxtp_2)
                                  2.20   data arrival time

                  0.15    0.00    0.00   clock clk (rise edge)
                          0.00    0.00   clock network delay (ideal)
                          0.25    0.25   clock uncertainty
                          0.00    0.25   clock reconvergence pessimism
                                  0.25 ^ _122_/CLK (sky130_fd_sc_hd__dfxtp_2)
                         -0.02    0.23   library hold time
                                  0.23   data required time
-----------------------------------------------------------------------------
                                  0.23   data required time
                                 -2.20   data arrival time
-----------------------------------------------------------------------------
                                  1.97   slack (MET)


Startpoint: rst (input port clocked by clk)
Endpoint: _124_ (rising edge-triggered flip-flop clocked by clk)
Path Group: clk
Path Type: min

Fanout     Cap    Slew   Delay    Time   Description
-----------------------------------------------------------------------------
                  0.15    0.00    0.00   clock clk (rise edge)
                          0.00    0.00   clock network delay (ideal)
                          2.00    2.00 ^ input external delay
                  0.09    0.06    2.06 ^ rst (in)
     3    0.02                           rst (net)
                  0.09    0.00    2.06 ^ _072_/A (sky130_fd_sc_hd__inv_2)
                  0.03    0.04    2.10 v _072_/Y (sky130_fd_sc_hd__inv_2)
     3    0.01                           _016_ (net)
                  0.03    0.00    2.10 v _100_/C1 (sky130_fd_sc_hd__o311a_2)
                  0.03    0.11    2.21 v _100_/X (sky130_fd_sc_hd__o311a_2)
     1    0.01                           _002_ (net)
                  0.03    0.00    2.21 v _124_/D (sky130_fd_sc_hd__dfxtp_2)
                                  2.21   data arrival time

                  0.15    0.00    0.00   clock clk (rise edge)
                          0.00    0.00   clock network delay (ideal)
                          0.25    0.25   clock uncertainty
                          0.00    0.25   clock reconvergence pessimism
                                  0.25 ^ _124_/CLK (sky130_fd_sc_hd__dfxtp_2)
                         -0.02    0.23   library hold time
                                  0.23   data required time
-----------------------------------------------------------------------------
                                  0.23   data required time
                                 -2.21   data arrival time
-----------------------------------------------------------------------------
                                  1.98   slack (MET)


Startpoint: _124_ (rising edge-triggered flip-flop clocked by clk)
Endpoint: result[2] (output port clocked by clk)
Path Group: clk
Path Type: min

Fanout     Cap    Slew   Delay    Time   Description
-----------------------------------------------------------------------------
                  0.15    0.00    0.00   clock clk (rise edge)
                          0.00    0.00   clock network delay (ideal)
                  0.15    0.00    0.00 ^ _124_/CLK (sky130_fd_sc_hd__dfxtp_2)
                  0.09    0.39    0.39 v _124_/Q (sky130_fd_sc_hd__dfxtp_2)
     1    0.03                           result[2] (net)
                  0.09    0.00    0.39 v result[2] (out)
                                  0.39   data arrival time

                  0.15    0.00    0.00   clock clk (rise edge)
                          0.00    0.00   clock network delay (ideal)
                          0.25    0.25   clock uncertainty
                          0.00    0.25   clock reconvergence pessimism
                         -2.00   -1.75   output external delay
                                 -1.75   data required time
-----------------------------------------------------------------------------
                                 -1.75   data required time
                                 -0.39   data arrival time
-----------------------------------------------------------------------------
                                  2.14   slack (MET)


Startpoint: _122_ (rising edge-triggered flip-flop clocked by clk)
Endpoint: result[0] (output port clocked by clk)
Path Group: clk
Path Type: min

Fanout     Cap    Slew   Delay    Time   Description
-----------------------------------------------------------------------------
                  0.15    0.00    0.00   clock clk (rise edge)
                          0.00    0.00   clock network delay (ideal)
                  0.15    0.00    0.00 ^ _122_/CLK (sky130_fd_sc_hd__dfxtp_2)
                  0.09    0.39    0.39 v _122_/Q (sky130_fd_sc_hd__dfxtp_2)
     1    0.04                           result[0] (net)
                  0.09    0.00    0.39 v result[0] (out)
                                  0.39   data arrival time

                  0.15    0.00    0.00   clock clk (rise edge)
                          0.00    0.00   clock network delay (ideal)
                          0.25    0.25   clock uncertainty
                          0.00    0.25   clock reconvergence pessimism
                         -2.00   -1.75   output external delay
                                 -1.75   data required time
-----------------------------------------------------------------------------
                                 -1.75   data required time
                                 -0.39   data arrival time
-----------------------------------------------------------------------------
                                  2.14   slack (MET)


Startpoint: _125_ (rising edge-triggered flip-flop clocked by clk)
Endpoint: result[3] (output port clocked by clk)
Path Group: clk
Path Type: min

Fanout     Cap    Slew   Delay    Time   Description
-----------------------------------------------------------------------------
                  0.15    0.00    0.00   clock clk (rise edge)
                          0.00    0.00   clock network delay (ideal)
                  0.15    0.00    0.00 ^ _125_/CLK (sky130_fd_sc_hd__dfxtp_2)
                  0.09    0.39    0.39 v _125_/Q (sky130_fd_sc_hd__dfxtp_2)
     1    0.04                           result[3] (net)
                  0.09    0.00    0.39 v result[3] (out)
                                  0.39   data arrival time

                  0.15    0.00    0.00   clock clk (rise edge)
                          0.00    0.00   clock network delay (ideal)
                          0.25    0.25   clock uncertainty
                          0.00    0.25   clock reconvergence pessimism
                         -2.00   -1.75   output external delay
                                 -1.75   data required time
-----------------------------------------------------------------------------
                                 -1.75   data required time
                                 -0.39   data arrival time
-----------------------------------------------------------------------------
                                  2.14   slack (MET)


Startpoint: _126_ (rising edge-triggered flip-flop clocked by clk)
Endpoint: result[4] (output port clocked by clk)
Path Group: clk
Path Type: min

Fanout     Cap    Slew   Delay    Time   Description
-----------------------------------------------------------------------------
                  0.15    0.00    0.00   clock clk (rise edge)
                          0.00    0.00   clock network delay (ideal)
                  0.15    0.00    0.00 ^ _126_/CLK (sky130_fd_sc_hd__dfxtp_2)
                  0.09    0.39    0.39 v _126_/Q (sky130_fd_sc_hd__dfxtp_2)
     1    0.04                           result[4] (net)
                  0.09    0.00    0.39 v result[4] (out)
                                  0.39   data arrival time

                  0.15    0.00    0.00   clock clk (rise edge)
                          0.00    0.00   clock network delay (ideal)
                          0.25    0.25   clock uncertainty
                          0.00    0.25   clock reconvergence pessimism
                         -2.00   -1.75   output external delay
                                 -1.75   data required time
-----------------------------------------------------------------------------
                                 -1.75   data required time
                                 -0.39   data arrival time
-----------------------------------------------------------------------------
                                  2.14   slack (MET)


Startpoint: _123_ (rising edge-triggered flip-flop clocked by clk)
Endpoint: result[1] (output port clocked by clk)
Path Group: clk
Path Type: min

Fanout     Cap    Slew   Delay    Time   Description
-----------------------------------------------------------------------------
                  0.15    0.00    0.00   clock clk (rise edge)
                          0.00    0.00   clock network delay (ideal)
                  0.15    0.00    0.00 ^ _123_/CLK (sky130_fd_sc_hd__dfxtp_2)
                  0.10    0.39    0.39 v _123_/Q (sky130_fd_sc_hd__dfxtp_2)
     1    0.04                           result[1] (net)
                  0.10    0.00    0.39 v result[1] (out)
                                  0.39   data arrival time

                  0.15    0.00    0.00   clock clk (rise edge)
                          0.00    0.00   clock network delay (ideal)
                          0.25    0.25   clock uncertainty
                          0.00    0.25   clock reconvergence pessimism
                         -2.00   -1.75   output external delay
                                 -1.75   data required time
-----------------------------------------------------------------------------
                                 -1.75   data required time
                                 -0.39   data arrival time
-----------------------------------------------------------------------------
                                  2.14   slack (MET)



