
61. Printing statistics.

=== alu_top ===

   Number of wires:                 67
   Number of wire bits:             79
   Number of public wires:           6
   Number of public wire bits:      18
   Number of memories:               0
   Number of memory bits:            0
   Number of processes:              0
   Number of cells:                 66
     sky130_fd_sc_hd__a2111o_2       1
     sky130_fd_sc_hd__a211o_2        2
     sky130_fd_sc_hd__a21boi_2       1
     sky130_fd_sc_hd__a21oi_2        8
     sky130_fd_sc_hd__a221o_2        1
     sky130_fd_sc_hd__a22o_2         1
     sky130_fd_sc_hd__a311o_2        2
     sky130_fd_sc_hd__a31o_2         1
     sky130_fd_sc_hd__a32o_2         1
     sky130_fd_sc_hd__and2_2         1
     sky130_fd_sc_hd__and3_2         3
     sky130_fd_sc_hd__and3b_2        3
     sky130_fd_sc_hd__buf_1          2
     sky130_fd_sc_hd__dfxtp_2        5
     sky130_fd_sc_hd__inv_2          2
     sky130_fd_sc_hd__nand2_2        3
     sky130_fd_sc_hd__nor2_2         3
     sky130_fd_sc_hd__nor3b_2        1
     sky130_fd_sc_hd__o211a_2        1
     sky130_fd_sc_hd__o211ai_2       1
     sky130_fd_sc_hd__o21a_2         1
     sky130_fd_sc_hd__o21ai_2        3
     sky130_fd_sc_hd__o21ba_2        1
     sky130_fd_sc_hd__o22a_2         1
     sky130_fd_sc_hd__o311a_2        2
     sky130_fd_sc_hd__o31a_2         3
     sky130_fd_sc_hd__o32a_2         2
     sky130_fd_sc_hd__or2b_2         2
     sky130_fd_sc_hd__or3_2          2
     sky130_fd_sc_hd__or3b_2         1
     sky130_fd_sc_hd__or4b_2         1
     sky130_fd_sc_hd__xnor2_2        3
     sky130_fd_sc_hd__xor2_2         1

   Chip area for module '\alu_top': 678.150400

