
===========================================================================
 report_power
============================================================================
======================= Fastest Corner ===================================

Group                  Internal  Switching    Leakage      Total
                          Power      Power      Power      Power (Watts)
----------------------------------------------------------------
Sequential             2.62e-05   1.04e-06   7.26e-11   2.73e-05  18.5%
Combinational          7.71e-05   4.32e-05   1.28e-09   1.20e-04  81.5%
Macro                  0.00e+00   0.00e+00   0.00e+00   0.00e+00   0.0%
Pad                    0.00e+00   0.00e+00   0.00e+00   0.00e+00   0.0%
----------------------------------------------------------------
Total                  1.03e-04   4.42e-05   1.35e-09   1.48e-04 100.0%
                          70.0%      30.0%       0.0%

======================= Slowest Corner ===================================

Group                  Internal  Switching    Leakage      Total
                          Power      Power      Power      Power (Watts)
----------------------------------------------------------------
Sequential             1.78e-05   6.97e-07   7.33e-08   1.86e-05  18.0%
Combinational          5.55e-05   2.85e-05   4.12e-07   8.45e-05  82.0%
Macro                  0.00e+00   0.00e+00   0.00e+00   0.00e+00   0.0%
Pad                    0.00e+00   0.00e+00   0.00e+00   0.00e+00   0.0%
----------------------------------------------------------------
Total                  7.33e-05   2.92e-05   4.85e-07   1.03e-04 100.0%
                          71.2%      28.4%       0.5%

======================= Typical Corner ===================================

Group                  Internal  Switching    Leakage      Total
                          Power      Power      Power      Power (Watts)
----------------------------------------------------------------
Sequential             2.26e-05   8.83e-07   4.22e-11   2.35e-05  18.4%
Combinational          6.81e-05   3.65e-05   8.66e-10   1.05e-04  81.6%
Macro                  0.00e+00   0.00e+00   0.00e+00   0.00e+00   0.0%
Pad                    0.00e+00   0.00e+00   0.00e+00   0.00e+00   0.0%
----------------------------------------------------------------
Total                  9.07e-05   3.74e-05   9.08e-10   1.28e-04 100.0%
                          70.8%      29.2%       0.0%

