Instance name,  X location,  Y location,  Voltage 
output17, 79.75, 89.76, 1.79997
FILLER_0_28_141, 79.75, 89.76, 1.79997
FILLER_0_27_161, 79.75, 84.32, 1.79998
FILLER_0_28_153, 79.75, 84.32, 1.79998
FILLER_0_28_161, 79.75, 84.32, 1.79998
FILLER_0_25_161, 79.75, 78.88, 1.79997
FILLER_0_23_161, 79.75, 73.44, 1.79998
FILLER_0_21_161, 79.75, 68, 1.79998
FILLER_0_19_161, 79.75, 62.56, 1.79998
FILLER_0_16_153, 79.75, 51.68, 1.79996
FILLER_0_16_161, 79.75, 51.68, 1.79996
_124_, 79.75, 46.24, 1.79996
FILLER_0_11_161, 79.75, 40.8, 1.79996
FILLER_0_9_157, 79.75, 35.36, 1.79994
FILLER_0_7_161, 79.75, 29.92, 1.79996
FILLER_0_5_161, 79.75, 24.48, 1.79996
FILLER_0_3_161, 79.75, 19.04, 1.79996
FILLER_0_0_153, 79.75, 13.6, 1.79996
FILLER_0_0_161, 79.75, 13.6, 1.79996
FILLER_0_1_161, 79.75, 13.6, 1.79996
input3, 59.855, 89.76, 1.79997
FILLER_0_28_102, 59.855, 89.76, 1.79997
FILLER_0_27_105, 59.855, 84.32, 1.79998
FILLER_0_25_105, 59.855, 78.88, 1.79998
FILLER_0_23_105, 59.855, 73.44, 1.79998
_092_, 59.855, 68, 1.79997
FILLER_0_21_107, 59.855, 68, 1.79997
_103_, 59.855, 62.56, 1.79998
_107_, 59.855, 62.56, 1.79998
FILLER_0_18_100, 59.855, 62.56, 1.79998
FILLER_0_19_107, 59.855, 62.56, 1.79998
_102_, 59.855, 57.12, 1.79997
_104_, 59.855, 57.12, 1.79997
_105_, 59.855, 57.12, 1.79997
_117_, 59.855, 57.12, 1.79997
_106_, 59.855, 51.68, 1.79996
_108_, 59.855, 51.68, 1.79996
_116_, 59.855, 51.68, 1.79996
FILLER_0_14_101, 59.855, 51.68, 1.79996
FILLER_0_15_98, 59.855, 51.68, 1.79996
FILLER_0_15_106, 59.855, 51.68, 1.79996
_094_, 59.855, 46.24, 1.79996
_109_, 59.855, 46.24, 1.79996
FILLER_0_13_98, 59.855, 46.24, 1.79996
FILLER_0_13_109, 59.855, 46.24, 1.79996
FILLER_0_11_109, 59.855, 40.8, 1.79996
clkbuf_0_clk, 59.855, 35.36, 1.7999
FILLER_0_9_105, 59.855, 35.36, 1.7999
FILLER_0_7_105, 59.855, 29.92, 1.79995
FILLER_0_5_105, 59.855, 24.48, 1.79996
FILLER_0_3_105, 59.855, 19.04, 1.79996
FILLER_0_0_109, 59.855, 13.6, 1.79995
FILLER_0_0_113, 59.855, 13.6, 1.79995
FILLER_0_1_105, 59.855, 13.6, 1.79995
_084_, 39.96, 68, 1.79997
_085_, 39.96, 68, 1.79997
_095_, 39.96, 68, 1.79997
FILLER_0_21_57, 39.96, 68, 1.79997
_096_, 39.96, 62.56, 1.79997
_110_, 39.96, 62.56, 1.79997
FILLER_0_18_60, 39.96, 62.56, 1.79997
FILLER_0_19_69, 39.96, 62.56, 1.79997
_087_, 39.96, 57.12, 1.79997
_111_, 39.96, 57.12, 1.79997
_112_, 39.96, 57.12, 1.79997
_113_, 39.96, 57.12, 1.79997
FILLER_0_17_57, 39.96, 57.12, 1.79997
FILLER_0_18_74, 39.96, 57.12, 1.79997
_073_, 39.96, 51.68, 1.79996
_097_, 39.96, 51.68, 1.79996
_098_, 39.96, 51.68, 1.79996
_099_, 39.96, 51.68, 1.79996
_120_, 39.96, 51.68, 1.79996
FILLER_0_14_62, 39.96, 51.68, 1.79996
FILLER_0_15_57, 39.96, 51.68, 1.79996
_072_, 39.96, 46.24, 1.79996
_100_, 39.96, 46.24, 1.79996
_114_, 39.96, 46.24, 1.79996
FILLER_0_12_63, 39.96, 46.24, 1.79996
FILLER_0_13_65, 39.96, 46.24, 1.79996
FILLER_0_14_74, 39.96, 46.24, 1.79996
_088_, 39.96, 40.8, 1.79995
_089_, 39.96, 40.8, 1.79995
_123_, 39.96, 35.36, 1.79992
clkbuf_1_0__f_clk, 39.96, 29.92, 1.79992
input9, 39.96, 13.6, 1.79995
FILLER_0_0_73, 39.96, 13.6, 1.79995
FILLER_0_28_22, 20.065, 84.32, 1.79997
FILLER_0_12_21, 20.065, 46.24, 1.79996
FILLER_0_4_21, 20.065, 24.48, 1.79995
output13, 20.065, 13.6, 1.79994
FILLER_0_0_25, 20.065, 13.6, 1.79994
PHY_56, 10.12, 89.76, 1.79997
PHY_57, 89.7, 89.76, 1.79997
input8, 89.7, 89.76, 1.79997
FILLER_0_28_41, 30.012, 89.76, 1.79997
FILLER_0_28_81, 49.907, 89.76, 1.79997
PHY_52, 10.12, 84.32, 1.79997
PHY_54, 10.12, 84.32, 1.79997
input5, 10.12, 84.32, 1.79997
input11, 10.12, 84.32, 1.79997
PHY_53, 89.7, 84.32, 1.79998
PHY_55, 89.7, 84.32, 1.79998
FILLER_0_26_165, 89.7, 84.32, 1.79998
input6, 30.012, 84.32, 1.79997
FILLER_0_27_51, 30.012, 84.32, 1.79997
FILLER_0_28_53, 30.012, 84.32, 1.79997
FILLER_0_26_77, 49.907, 84.32, 1.79997
FILLER_0_28_137, 69.802, 84.32, 1.79998
PHY_48, 10.12, 78.88, 1.79997
PHY_50, 10.12, 78.88, 1.79997
PHY_49, 89.7, 78.88, 1.79997
PHY_51, 89.7, 78.88, 1.79997
input2, 89.7, 78.88, 1.79997
FILLER_0_24_165, 89.7, 78.88, 1.79997
FILLER_0_25_51, 30.012, 78.88, 1.79997
FILLER_0_24_77, 49.907, 78.88, 1.79997
FILLER_0_26_133, 69.802, 78.88, 1.79998
PHY_44, 10.12, 73.44, 1.79997
PHY_46, 10.12, 73.44, 1.79997
PHY_45, 89.7, 73.44, 1.79998
PHY_47, 89.7, 73.44, 1.79998
FILLER_0_22_165, 89.7, 73.44, 1.79998
FILLER_0_23_51, 30.012, 73.44, 1.79997
FILLER_0_22_77, 49.907, 73.44, 1.79998
FILLER_0_24_133, 69.802, 73.44, 1.79998
PHY_40, 10.12, 68, 1.79997
PHY_42, 10.12, 68, 1.79997
input10, 10.12, 68, 1.79997
PHY_41, 89.7, 68, 1.79998
PHY_43, 89.7, 68, 1.79998
FILLER_0_20_165, 89.7, 68, 1.79998
_062_, 30.012, 68, 1.79997
max_cap18, 30.012, 68, 1.79997
_074_, 49.907, 68, 1.79997
_090_, 49.907, 68, 1.79997
FILLER_0_20_85, 49.907, 68, 1.79997
FILLER_0_22_133, 69.802, 68, 1.79997
PHY_36, 10.12, 62.56, 1.79997
PHY_38, 10.12, 62.56, 1.79997
PHY_37, 89.7, 62.56, 1.79998
PHY_39, 89.7, 62.56, 1.79998
FILLER_0_18_165, 89.7, 62.56, 1.79998
_063_, 30.012, 62.56, 1.79997
_066_, 30.012, 62.56, 1.79997
_086_, 30.012, 62.56, 1.79997
FILLER_0_18_41, 30.012, 62.56, 1.79997
FILLER_0_19_39, 30.012, 62.56, 1.79997
FILLER_0_19_52, 30.012, 62.56, 1.79997
_076_, 49.907, 62.56, 1.79997
_083_, 49.907, 62.56, 1.79997
_091_, 49.907, 62.56, 1.79997
_101_, 49.907, 62.56, 1.79997
FILLER_0_19_76, 49.907, 62.56, 1.79997
FILLER_0_19_86, 49.907, 62.56, 1.79997
FILLER_0_19_96, 49.907, 62.56, 1.79997
PHY_32, 10.12, 57.12, 1.79997
PHY_34, 10.12, 57.12, 1.79997
PHY_33, 89.7, 57.12, 1.79996
PHY_35, 89.7, 57.12, 1.79996
output15, 89.7, 57.12, 1.79996
_068_, 30.012, 57.12, 1.79997
_069_, 30.012, 57.12, 1.79997
_082_, 30.012, 57.12, 1.79997
FILLER_0_16_41, 30.012, 57.12, 1.79997
FILLER_0_17_39, 30.012, 57.12, 1.79997
FILLER_0_17_53, 30.012, 57.12, 1.79997
_075_, 49.907, 57.12, 1.79997
_077_, 49.907, 57.12, 1.79997
_078_, 49.907, 57.12, 1.79997
_115_, 49.907, 57.12, 1.79997
FILLER_0_16_77, 49.907, 57.12, 1.79997
FILLER_0_18_94, 49.907, 57.12, 1.79997
PHY_28, 10.12, 51.68, 1.79996
PHY_30, 10.12, 51.68, 1.79996
PHY_29, 89.7, 51.68, 1.79996
PHY_31, 89.7, 51.68, 1.79996
FILLER_0_15_164, 89.7, 51.68, 1.79996
_067_, 30.012, 51.68, 1.79996
_070_, 30.012, 51.68, 1.79996
_071_, 30.012, 51.68, 1.79996
FILLER_0_14_41, 30.012, 51.68, 1.79996
FILLER_0_15_39, 30.012, 51.68, 1.79996
FILLER_0_15_53, 30.012, 51.68, 1.79996
_080_, 49.907, 51.68, 1.79996
_118_, 49.907, 51.68, 1.79996
_119_, 49.907, 51.68, 1.79996
_121_, 49.907, 51.68, 1.79996
FILLER_0_15_77, 49.907, 51.68, 1.79996
_126_, 69.802, 51.68, 1.79996
FILLER_0_16_136, 69.802, 51.68, 1.79996
PHY_24, 10.12, 46.24, 1.79996
PHY_26, 10.12, 46.24, 1.79996
PHY_25, 89.7, 46.24, 1.79996
PHY_27, 89.7, 46.24, 1.79996
FILLER_0_12_165, 89.7, 46.24, 1.79996
_064_, 30.012, 46.24, 1.79996
_065_, 30.012, 46.24, 1.79996
FILLER_0_12_41, 30.012, 46.24, 1.79996
FILLER_0_13_51, 30.012, 46.24, 1.79996
_061_, 49.907, 46.24, 1.79996
_081_, 49.907, 46.24, 1.79996
_093_, 49.907, 46.24, 1.79996
FILLER_0_12_81, 49.907, 46.24, 1.79996
FILLER_0_12_85, 49.907, 46.24, 1.79996
FILLER_0_14_133, 69.802, 46.24, 1.79996
PHY_20, 10.12, 40.8, 1.79994
PHY_22, 10.12, 40.8, 1.79994
output16, 10.12, 40.8, 1.79994
PHY_21, 89.7, 40.8, 1.79996
PHY_23, 89.7, 40.8, 1.79996
FILLER_0_10_165, 89.7, 40.8, 1.79996
_125_, 30.012, 40.8, 1.79994
FILLER_0_11_51, 30.012, 40.8, 1.79994
_079_, 49.907, 40.8, 1.79996
FILLER_0_10_81, 49.907, 40.8, 1.79996
FILLER_0_10_85, 49.907, 40.8, 1.79996
FILLER_0_12_130, 69.802, 40.8, 1.79996
PHY_16, 10.12, 35.36, 1.79994
PHY_18, 10.12, 35.36, 1.79994
PHY_17, 89.7, 35.36, 1.79994
PHY_19, 89.7, 35.36, 1.79994
FILLER_0_8_165, 89.7, 35.36, 1.79994
FILLER_0_9_165, 89.7, 35.36, 1.79994
FILLER_0_9_51, 30.012, 35.36, 1.79993
clkbuf_1_1__f_clk, 49.907, 35.36, 1.79988
FILLER_0_8_77, 49.907, 35.36, 1.79988
FILLER_0_10_135, 69.802, 35.36, 1.79992
PHY_12, 10.12, 29.92, 1.79994
PHY_14, 10.12, 29.92, 1.79994
PHY_13, 89.7, 29.92, 1.79995
PHY_15, 89.7, 29.92, 1.79995
input12, 89.7, 29.92, 1.79995
FILLER_0_6_165, 89.7, 29.92, 1.79995
FILLER_0_7_51, 30.012, 29.92, 1.79993
FILLER_0_8_133, 69.802, 29.92, 1.79995
PHY_8, 10.12, 24.48, 1.79995
PHY_10, 10.12, 24.48, 1.79995
PHY_9, 89.7, 24.48, 1.79996
PHY_11, 89.7, 24.48, 1.79996
FILLER_0_4_165, 89.7, 24.48, 1.79996
FILLER_0_5_51, 30.012, 24.48, 1.79995
FILLER_0_6_53, 30.012, 24.48, 1.79995
FILLER_0_4_77, 49.907, 24.48, 1.79996
FILLER_0_6_133, 69.802, 24.48, 1.79996
PHY_4, 10.12, 19.04, 1.79995
PHY_6, 10.12, 19.04, 1.79995
output14, 10.12, 19.04, 1.79995
PHY_5, 89.7, 19.04, 1.79996
PHY_7, 89.7, 19.04, 1.79996
FILLER_0_2_165, 89.7, 19.04, 1.79996
FILLER_0_3_51, 30.012, 19.04, 1.79995
FILLER_0_2_77, 49.907, 19.04, 1.79995
FILLER_0_4_133, 69.802, 19.04, 1.79996
PHY_0, 10.12, 13.6, 1.79994
PHY_2, 10.12, 13.6, 1.79994
input7, 10.12, 13.6, 1.79994
PHY_1, 89.7, 13.6, 1.79995
PHY_3, 89.7, 13.6, 1.79995
input1, 89.7, 13.6, 1.79995
_122_, 30.012, 13.6, 1.79994
FILLER_0_0_53, 30.012, 13.6, 1.79994
FILLER_0_0_81, 49.907, 13.6, 1.79995
input4, 69.802, 13.6, 1.79995
FILLER_0_0_135, 69.802, 13.6, 1.79995
FILLER_0_2_133, 69.802, 13.6, 1.79995

